<?xml version="1.0" encoding="UTF-8"?>
<coverage generated="1748950364774" clover="3.2.0">
  <project timestamp="1748950364774" name="All files">
    <metrics statements="39" coveredstatements="39" conditionals="11" coveredconditionals="11" methods="14" coveredmethods="14" elements="64" coveredelements="64" complexity="0" loc="39" ncloc="39" packages="2" files="2" classes="2"/>
    <package name="src">
      <metrics statements="7" coveredstatements="7" conditionals="0" coveredconditionals="0" methods="3" coveredmethods="3"/>
      <file name="App.tsx" path="/Users/mac/Projects/personal/react-ts-input-tag/src/App.tsx">
        <metrics statements="7" coveredstatements="7" conditionals="0" coveredconditionals="0" methods="3" coveredmethods="3"/>
        <line num="1" count="1" type="stmt"/>
        <line num="3" count="1" type="stmt"/>
        <line num="6" count="17" type="stmt"/>
        <line num="8" count="17" type="stmt"/>
        <line num="16" count="10" type="stmt"/>
        <line num="23" count="24" type="stmt"/>
        <line num="31" count="1" type="stmt"/>
      </file>
    </package>
    <package name="src.components">
      <metrics statements="32" coveredstatements="32" conditionals="11" coveredconditionals="11" methods="11" coveredmethods="11"/>
      <file name="TagInput.tsx" path="/Users/mac/Projects/personal/react-ts-input-tag/src/components/TagInput.tsx">
        <metrics statements="32" coveredstatements="32" conditionals="11" coveredconditionals="11" methods="11" coveredmethods="11"/>
        <line num="1" count="2" type="stmt"/>
        <line num="18" count="2" type="stmt"/>
        <line num="25" count="49" type="stmt"/>
        <line num="26" count="49" type="stmt"/>
        <line num="27" count="49" type="stmt"/>
        <line num="29" count="49" type="stmt"/>
        <line num="30" count="18" type="stmt"/>
        <line num="32" count="18" type="stmt"/>
        <line num="33" count="18" type="cond" truecount="2" falsecount="0"/>
        <line num="35" count="18" type="cond" truecount="1" falsecount="0"/>
        <line num="36" count="2" type="stmt"/>
        <line num="39" count="16" type="stmt"/>
        <line num="40" count="16" type="cond" truecount="2" falsecount="0"/>
        <line num="42" count="16" type="stmt"/>
        <line num="43" count="16" type="stmt"/>
        <line num="44" count="16" type="stmt"/>
        <line num="47" count="49" type="stmt"/>
        <line num="48" count="17" type="cond" truecount="3" falsecount="0"/>
        <line num="49" count="17" type="stmt"/>
        <line num="50" count="17" type="stmt"/>
        <line num="54" count="49" type="stmt"/>
        <line num="55" count="1" type="cond" truecount="1" falsecount="0"/>
        <line num="56" count="1" type="stmt"/>
        <line num="60" count="49" type="stmt"/>
        <line num="61" count="1" type="stmt"/>
        <line num="63" count="1" type="stmt"/>
        <line num="64" count="1" type="stmt"/>
        <line num="67" count="1" type="stmt"/>
        <line num="70" count="49" type="stmt"/>
        <line num="73" count="51" type="stmt"/>
        <line num="83" count="1" type="stmt"/>
        <line num="94" count="18" type="stmt"/>
      </file>
    </package>
  </project>
</coverage>
