{"/Users/mac/Projects/personal/react-ts-input-tag/src/App.tsx": {"path":"/Users/mac/Projects/personal/react-ts-input-tag/src/App.tsx","statementMap":{"0":{"start":{"line":1,"column":0},"end":{"line":1,"column":33}},"1":{"start":{"line":3,"column":0},"end":{"line":3,"column":45}},"2":{"start":{"line":6,"column":26},"end":{"line":6,"column":48}},"3":{"start":{"line":8,"column":2},"end":{"line":28,"column":4}},"4":{"start":{"line":16,"column":31},"end":{"line":16,"column":47}},"5":{"start":{"line":23,"column":12},"end":{"line":23,"column":29}},"6":{"start":{"line":31,"column":0},"end":{"line":31,"column":19}}},"fnMap":{"0":{"name":"App","decl":{"start":{"line":5,"column":9},"end":{"line":5,"column":12}},"loc":{"start":{"line":5,"column":12},"end":{"line":29,"column":1}}},"1":{"name":"(anonymous_2)","decl":{"start":{"line":16,"column":18},"end":{"line":16,"column":19}},"loc":{"start":{"line":16,"column":31},"end":{"line":16,"column":47}}},"2":{"name":"(anonymous_3)","decl":{"start":{"line":22,"column":20},"end":{"line":22,"column":21}},"loc":{"start":{"line":23,"column":12},"end":{"line":23,"column":29}}}},"branchMap":{},"s":{"0":1,"1":1,"2":17,"3":17,"4":10,"5":24,"6":1},"f":{"0":17,"1":10,"2":24},"b":{}}
,"/Users/mac/Projects/personal/react-ts-input-tag/src/components/TagInput.tsx": {"path":"/Users/mac/Projects/personal/react-ts-input-tag/src/components/TagInput.tsx","statementMap":{"0":{"start":{"line":18,"column":0},"end":{"line":18,"column":24}},"1":{"start":{"line":1,"column":0},"end":{"line":1,"column":null}},"2":{"start":{"line":25,"column":26},"end":{"line":25,"column":48}},"3":{"start":{"line":26,"column":28},"end":{"line":26,"column":40}},"4":{"start":{"line":27,"column":19},"end":{"line":27,"column":49}},"5":{"start":{"line":29,"column":18},"end":{"line":45,"column":3}},"6":{"start":{"line":30,"column":20},"end":{"line":33,"column":57}},"7":{"start":{"line":32,"column":20},"end":{"line":32,"column":30}},"8":{"start":{"line":33,"column":23},"end":{"line":33,"column":56}},"9":{"start":{"line":35,"column":4},"end":{"line":37,"column":5}},"10":{"start":{"line":36,"column":6},"end":{"line":36,"column":13}},"11":{"start":{"line":39,"column":25},"end":{"line":39,"column":46}},"12":{"start":{"line":40,"column":24},"end":{"line":40,"column":79}},"13":{"start":{"line":42,"column":4},"end":{"line":42,"column":25}},"14":{"start":{"line":43,"column":4},"end":{"line":43,"column":17}},"15":{"start":{"line":44,"column":4},"end":{"line":44,"column":28}},"16":{"start":{"line":47,"column":24},"end":{"line":52,"column":3}},"17":{"start":{"line":48,"column":4},"end":{"line":51,"column":5}},"18":{"start":{"line":49,"column":6},"end":{"line":49,"column":29}},"19":{"start":{"line":50,"column":6},"end":{"line":50,"column":21}},"20":{"start":{"line":54,"column":21},"end":{"line":58,"column":3}},"21":{"start":{"line":55,"column":4},"end":{"line":57,"column":5}},"22":{"start":{"line":56,"column":6},"end":{"line":56,"column":21}},"23":{"start":{"line":60,"column":20},"end":{"line":68,"column":3}},"24":{"start":{"line":61,"column":24},"end":{"line":61,"column":58}},"25":{"start":{"line":61,"column":46},"end":{"line":61,"column":57}},"26":{"start":{"line":63,"column":4},"end":{"line":63,"column":25}},"27":{"start":{"line":64,"column":4},"end":{"line":64,"column":28}},"28":{"start":{"line":67,"column":4},"end":{"line":67,"column":31}},"29":{"start":{"line":70,"column":2},"end":{"line":101,"column":4}},"30":{"start":{"line":73,"column":8},"end":{"line":75,"column":null}},"31":{"start":{"line":83,"column":27},"end":{"line":83,"column":43}},"32":{"start":{"line":94,"column":25},"end":{"line":94,"column":49}}},"fnMap":{"0":{"name":"TagInput","decl":{"start":{"line":18,"column":24},"end":{"line":18,"column":32}},"loc":{"start":{"line":24,"column":18},"end":{"line":102,"column":1}}},"1":{"name":"(anonymous_1)","decl":{"start":{"line":29,"column":18},"end":{"line":29,"column":19}},"loc":{"start":{"line":29,"column":36},"end":{"line":45,"column":3}}},"2":{"name":"(anonymous_2)","decl":{"start":{"line":32,"column":11},"end":{"line":32,"column":12}},"loc":{"start":{"line":32,"column":20},"end":{"line":32,"column":30}}},"3":{"name":"(anonymous_3)","decl":{"start":{"line":33,"column":14},"end":{"line":33,"column":15}},"loc":{"start":{"line":33,"column":23},"end":{"line":33,"column":56}}},"4":{"name":"(anonymous_4)","decl":{"start":{"line":47,"column":24},"end":{"line":47,"column":25}},"loc":{"start":{"line":47,"column":67},"end":{"line":52,"column":3}}},"5":{"name":"(anonymous_5)","decl":{"start":{"line":54,"column":21},"end":{"line":54,"column":24}},"loc":{"start":{"line":54,"column":26},"end":{"line":58,"column":3}}},"6":{"name":"(anonymous_6)","decl":{"start":{"line":60,"column":20},"end":{"line":60,"column":21}},"loc":{"start":{"line":60,"column":38},"end":{"line":68,"column":3}}},"7":{"name":"(anonymous_7)","decl":{"start":{"line":61,"column":36},"end":{"line":61,"column":37}},"loc":{"start":{"line":61,"column":46},"end":{"line":61,"column":57}}},"8":{"name":"(anonymous_8)","decl":{"start":{"line":72,"column":16},"end":{"line":72,"column":17}},"loc":{"start":{"line":73,"column":8},"end":{"line":75,"column":null}}},"9":{"name":"(anonymous_9)","decl":{"start":{"line":83,"column":21},"end":{"line":83,"column":24}},"loc":{"start":{"line":83,"column":27},"end":{"line":83,"column":43}}},"10":{"name":"(anonymous_10)","decl":{"start":{"line":94,"column":18},"end":{"line":94,"column":19}},"loc":{"start":{"line":94,"column":25},"end":{"line":94,"column":49}}}},"branchMap":{"0":{"loc":{"start":{"line":19,"column":2},"end":{"line":19,"column":31}},"type":"default-arg","locations":[{"start":{"line":19,"column":16},"end":{"line":19,"column":31}}]},"1":{"loc":{"start":{"line":20,"column":2},"end":{"line":20,"column":17}},"type":"default-arg","locations":[{"start":{"line":20,"column":14},"end":{"line":20,"column":17}}]},"2":{"loc":{"start":{"line":33,"column":23},"end":{"line":33,"column":56}},"type":"binary-expr","locations":[{"start":{"line":33,"column":23},"end":{"line":33,"column":33}},{"start":{"line":33,"column":37},"end":{"line":33,"column":56}}]},"3":{"loc":{"start":{"line":35,"column":4},"end":{"line":37,"column":5}},"type":"if","locations":[{"start":{"line":35,"column":4},"end":{"line":37,"column":5}}]},"4":{"loc":{"start":{"line":40,"column":24},"end":{"line":40,"column":79}},"type":"cond-expr","locations":[{"start":{"line":40,"column":34},"end":{"line":40,"column":64}},{"start":{"line":40,"column":67},"end":{"line":40,"column":79}}]},"5":{"loc":{"start":{"line":48,"column":4},"end":{"line":51,"column":5}},"type":"if","locations":[{"start":{"line":48,"column":4},"end":{"line":51,"column":5}}]},"6":{"loc":{"start":{"line":48,"column":8},"end":{"line":48,"column":56}},"type":"binary-expr","locations":[{"start":{"line":48,"column":8},"end":{"line":48,"column":29}},{"start":{"line":48,"column":33},"end":{"line":48,"column":56}}]},"7":{"loc":{"start":{"line":55,"column":4},"end":{"line":57,"column":5}},"type":"if","locations":[{"start":{"line":55,"column":4},"end":{"line":57,"column":5}}]}},"s":{"0":2,"1":2,"2":49,"3":49,"4":49,"5":49,"6":18,"7":18,"8":18,"9":18,"10":2,"11":16,"12":16,"13":16,"14":16,"15":16,"16":49,"17":17,"18":17,"19":17,"20":49,"21":1,"22":1,"23":49,"24":1,"25":1,"26":1,"27":1,"28":1,"29":49,"30":51,"31":1,"32":18},"f":{"0":49,"1":18,"2":18,"3":18,"4":17,"5":1,"6":1,"7":1,"8":51,"9":1,"10":18},"b":{"0":[21],"1":[18],"2":[18,17],"3":[2],"4":[13,3],"5":[17],"6":[17,1],"7":[1]}}
}
