TN:
SF:src/App.tsx
FN:5,App
FN:16,(anonymous_2)
FN:22,(anonymous_3)
FNF:3
FNH:3
FNDA:17,App
FNDA:10,(anonymous_2)
FNDA:24,(anonymous_3)
DA:1,1
DA:3,1
DA:6,17
DA:8,17
DA:16,10
DA:23,24
DA:31,1
LF:7
LH:7
BRF:0
BRH:0
end_of_record
TN:
SF:src/components/TagInput.tsx
FN:18,TagInput
FN:29,(anonymous_1)
FN:32,(anonymous_2)
FN:33,(anonymous_3)
FN:47,(anonymous_4)
FN:54,(anonymous_5)
FN:60,(anonymous_6)
FN:61,(anonymous_7)
FN:72,(anonymous_8)
FN:83,(anonymous_9)
FN:94,(anonymous_10)
FNF:11
FNH:11
FNDA:49,TagInput
FNDA:18,(anonymous_1)
FNDA:18,(anonymous_2)
FNDA:18,(anonymous_3)
FNDA:17,(anonymous_4)
FNDA:1,(anonymous_5)
FNDA:1,(anonymous_6)
FNDA:1,(anonymous_7)
FNDA:51,(anonymous_8)
FNDA:1,(anonymous_9)
FNDA:18,(anonymous_10)
DA:1,2
DA:18,2
DA:25,49
DA:26,49
DA:27,49
DA:29,49
DA:30,18
DA:32,18
DA:33,18
DA:35,18
DA:36,2
DA:39,16
DA:40,16
DA:42,16
DA:43,16
DA:44,16
DA:47,49
DA:48,17
DA:49,17
DA:50,17
DA:54,49
DA:55,1
DA:56,1
DA:60,49
DA:61,1
DA:63,1
DA:64,1
DA:67,1
DA:70,49
DA:73,51
DA:83,1
DA:94,18
LF:32
LH:32
BRDA:19,0,0,21
BRDA:20,1,0,18
BRDA:33,2,0,18
BRDA:33,2,1,17
BRDA:35,3,0,2
BRDA:40,4,0,13
BRDA:40,4,1,3
BRDA:48,5,0,17
BRDA:48,6,0,17
BRDA:48,6,1,1
BRDA:55,7,0,1
BRF:11
BRH:11
end_of_record
